# JRE version: Java(TM) SE Runtime Environment (9.0+11) (build 9.0.4+11)
# Java VM: Java HotSpot(TM) 64-Bit Server VM (9.0.4+11, mixed mode, tiered, compressed oops, g1 gc, windows-amd64)
Heap:
 garbage-first heap   total 395264K, used 147981K [0x0000000700000000, 0x0000000700100c10, 0x00000007c0000000)
  region size 1024K, 29 young (29696K), 0 survivors (0K)
 Metaspace       used 90585K, capacity 92933K, committed 100632K, reserved 1136640K
  class space    used 11854K, capacity 12345K, committed 13952K, reserved 1048576K
GC Heap History (10 events):
Event: 7396.628 GC heap before
{Heap before GC invocations=2296 (full 957):
 garbage-first heap   total 395264K, used 131462K [0x0000000700000000, 0x0000000700100c10, 0x00000007c0000000)
  region size 1024K, 13 young (13312K), 0 survivors (0K)
 Metaspace       used 90577K, capacity 92933K, committed 100632K, reserved 1136640K
  class space    used 11852K, capacity 12345K, committed 13952K, reserved 1048576K
}
Event: 7396.998 GC heap after
{Heap after GC invocations=2297 (full 958):
 garbage-first heap   total 395264K, used 119309K [0x0000000700000000, 0x0000000700100c10, 0x00000007c0000000)
  region size 1024K, 0 young (0K), 0 survivors (0K)
 Metaspace       used 90577K, capacity 92933K, committed 100632K, reserved 1136640K
  class space    used 11852K, capacity 12345K, committed 13952K, reserved 1048576K
}
Event: 7400.069 GC heap before
{Heap before GC invocations=2297 (full 958):
 garbage-first heap   total 395264K, used 147981K [0x0000000700000000, 0x0000000700100c10, 0x00000007c0000000)
  region size 1024K, 27 young (27648K), 0 survivors (0K)
 Metaspace       used 90577K, capacity 92933K, committed 100632K, reserved 1136640K
  class space    used 11852K, capacity 12345K, committed 13952K, reserved 1048576K
}
Event: 7400.413 GC heap after
{Heap after GC invocations=2298 (full 959):
 garbage-first heap   total 395264K, used 119293K [0x0000000700000000, 0x0000000700100c10, 0x00000007c0000000)
  region size 1024K, 0 young (0K), 0 survivors (0K)
 Metaspace       used 90577K, capacity 92933K, committed 100632K, reserved 1136640K
  class space    used 11852K, capacity 12345K, committed 13952K, reserved 1048576K
}
Event: 7403.140 GC heap before
{Heap before GC invocations=2298 (full 959):
 garbage-first heap   total 395264K, used 124413K [0x0000000700000000, 0x0000000700100c10, 0x00000007c0000000)
  region size 1024K, 6 young (6144K), 0 survivors (0K)
 Metaspace       used 90577K, capacity 92933K, committed 100632K, reserved 1136640K
  class space    used 11852K, capacity 12345K, committed 13952K, reserved 1048576K
}
Event: 7403.469 GC heap after
{Heap after GC invocations=2299 (full 960):
 garbage-first heap   total 395264K, used 119255K [0x0000000700000000, 0x0000000700100c10, 0x00000007c0000000)
  region size 1024K, 0 young (0K), 0 survivors (0K)
 Metaspace       used 90577K, capacity 92933K, committed 100632K, reserved 1136640K
  class space    used 11852K, capacity 12345K, committed 13952K, reserved 1048576K
}
Event: 7406.228 GC heap before
{Heap before GC invocations=2299 (full 960):
 garbage-first heap   total 395264K, used 128471K [0x0000000700000000, 0x0000000700100c10, 0x00000007c0000000)
  region size 1024K, 6 young (6144K), 0 survivors (0K)
 Metaspace       used 90582K, capacity 92933K, committed 100632K, reserved 1136640K
  class space    used 11854K, capacity 12345K, committed 13952K, reserved 1048576K
}
Event: 7406.705 GC heap after
{Heap after GC invocations=2300 (full 961):
 garbage-first heap   total 395264K, used 119260K [0x0000000700000000, 0x0000000700100c10, 0x00000007c0000000)
  region size 1024K, 0 young (0K), 0 survivors (0K)
 Metaspace       used 90582K, capacity 92933K, committed 100632K, reserved 1136640K
  class space    used 11854K, capacity 12345K, committed 13952K, reserved 1048576K
}
Event: 7409.169 GC heap before
{Heap before GC invocations=2300 (full 961):
 garbage-first heap   total 395264K, used 149980K [0x0000000700000000, 0x0000000700100c10, 0x00000007c0000000)
  region size 1024K, 27 young (27648K), 0 survivors (0K)
 Metaspace       used 90585K, capacity 92933K, committed 100632K, reserved 1136640K
  class space    used 11854K, capacity 12345K, committed 13952K, reserved 1048576K
}
Event: 7409.500 GC heap after
{Heap after GC invocations=2301 (full 962):
 garbage-first heap   total 395264K, used 119309K [0x0000000700000000, 0x0000000700100c10, 0x00000007c0000000)
  region size 1024K, 0 young (0K), 0 survivors (0K)
 Metaspace       used 90585K, capacity 92933K, committed 100632K, reserved 1136640K
  class space    used 11854K, capacity 12345K, committed 13952K, reserved 1048576K
}

